2021-04-09 15:21:30 INFO : line = 25 , message = msg : (3980, 4)
2021-04-09 15:21:30 INFO : line = 25 , message = TBIPKV_data :           ASK_ID RSHP_ID PRVDR_CD                                           HASH_DID
0     2020-00039   A0001    K0004  7FB7221C1454BEF1850BB14B2620A981091B5C6A6C3A84...
1     2020-00039   A0001    K0004  15246ED35716DC550DD2138EE17E27D36153A55118C4F0...
2     2020-00039   A0001    K0004  23CFF35778752F163D4AE012E0DC1A848C70876F422F3E...
3     2020-00039   A0001    K0004  916118E44978E631EFB0679F173872B3F7D60EF45EB632...
4     2020-00039   A0001    K0004  07C5876EB8A74B6CF4545A1D714CC09352FA75D19BEC6E...
...          ...     ...      ...                                                ...
3975  2020-00039   A0001    K0004  AFDF45F6CD0B0FB107A69761FFBEF354FB0AC7D09EEEB9...
3976  2020-00039   A0001    K0004  122BE3E3C210B2A958DDEC2D63500348C426ADF3766D09...
3977  2020-00039   A0001    K0004  3DFB07E6B64A734CA1D470291277DF7086EEE42B3CC914...
3978  2020-00039   A0001    K0004  D4E075BA488989F53B01698DCBF9443DD5FFCB47407E82...
3979  2020-00039   A0001    K0004  95A56FCA10050C07352A11ED218FE633DC4C085D5B1EB5...

[3980 rows x 4 columns]
2021-04-09 15:22:44 INFO : line = 25 , message = msg : (3980, 4)
2021-04-09 15:22:44 INFO : line = 25 , message = TBIPKV_data :           ASK_ID RSHP_ID PRVDR_CD                                           HASH_DID
0     2020-00039   A0001    K0004  7FB7221C1454BEF1850BB14B2620A981091B5C6A6C3A84...
1     2020-00039   A0001    K0004  15246ED35716DC550DD2138EE17E27D36153A55118C4F0...
2     2020-00039   A0001    K0004  23CFF35778752F163D4AE012E0DC1A848C70876F422F3E...
3     2020-00039   A0001    K0004  916118E44978E631EFB0679F173872B3F7D60EF45EB632...
4     2020-00039   A0001    K0004  07C5876EB8A74B6CF4545A1D714CC09352FA75D19BEC6E...
...          ...     ...      ...                                                ...
3975  2020-00039   A0001    K0004  AFDF45F6CD0B0FB107A69761FFBEF354FB0AC7D09EEEB9...
3976  2020-00039   A0001    K0004  122BE3E3C210B2A958DDEC2D63500348C426ADF3766D09...
3977  2020-00039   A0001    K0004  3DFB07E6B64A734CA1D470291277DF7086EEE42B3CC914...
3978  2020-00039   A0001    K0004  D4E075BA488989F53B01698DCBF9443DD5FFCB47407E82...
3979  2020-00039   A0001    K0004  95A56FCA10050C07352A11ED218FE633DC4C085D5B1EB5...

[3980 rows x 4 columns]
2021-04-09 15:22:44 INFO : line = 25 , message = TBIPKV_data :                                                HASH_DID
0     7FB7221C1454BEF1850BB14B2620A981091B5C6A6C3A84...
1     15246ED35716DC550DD2138EE17E27D36153A55118C4F0...
2     23CFF35778752F163D4AE012E0DC1A848C70876F422F3E...
3     916118E44978E631EFB0679F173872B3F7D60EF45EB632...
4     07C5876EB8A74B6CF4545A1D714CC09352FA75D19BEC6E...
...                                                 ...
3975  AFDF45F6CD0B0FB107A69761FFBEF354FB0AC7D09EEEB9...
3976  122BE3E3C210B2A958DDEC2D63500348C426ADF3766D09...
3977  3DFB07E6B64A734CA1D470291277DF7086EEE42B3CC914...
3978  D4E075BA488989F53B01698DCBF9443DD5FFCB47407E82...
3979  95A56FCA10050C07352A11ED218FE633DC4C085D5B1EB5...

[3980 rows x 1 columns]
2021-04-09 15:22:44 INFO : line = 25 , message = TBIPKV_DEL_01 : ALTER TABLE TBIPKV2020 TRUNCATE PARTITION  TBIPKV2019_00039_A0001_K0004 
2021-04-09 15:23:53 INFO : line = 25 , message = msg : (3980, 4)
2021-04-09 15:23:53 INFO : line = 25 , message = TBIPKV_data :           ASK_ID RSHP_ID PRVDR_CD                                           HASH_DID
0     2020-00039   A0001    K0004  7FB7221C1454BEF1850BB14B2620A981091B5C6A6C3A84...
1     2020-00039   A0001    K0004  15246ED35716DC550DD2138EE17E27D36153A55118C4F0...
2     2020-00039   A0001    K0004  23CFF35778752F163D4AE012E0DC1A848C70876F422F3E...
3     2020-00039   A0001    K0004  916118E44978E631EFB0679F173872B3F7D60EF45EB632...
4     2020-00039   A0001    K0004  07C5876EB8A74B6CF4545A1D714CC09352FA75D19BEC6E...
...          ...     ...      ...                                                ...
3975  2020-00039   A0001    K0004  AFDF45F6CD0B0FB107A69761FFBEF354FB0AC7D09EEEB9...
3976  2020-00039   A0001    K0004  122BE3E3C210B2A958DDEC2D63500348C426ADF3766D09...
3977  2020-00039   A0001    K0004  3DFB07E6B64A734CA1D470291277DF7086EEE42B3CC914...
3978  2020-00039   A0001    K0004  D4E075BA488989F53B01698DCBF9443DD5FFCB47407E82...
3979  2020-00039   A0001    K0004  95A56FCA10050C07352A11ED218FE633DC4C085D5B1EB5...

[3980 rows x 4 columns]
2021-04-09 15:23:53 INFO : line = 25 , message = TBIPKV_data :                                                HASH_DID
0     7FB7221C1454BEF1850BB14B2620A981091B5C6A6C3A84...
1     15246ED35716DC550DD2138EE17E27D36153A55118C4F0...
2     23CFF35778752F163D4AE012E0DC1A848C70876F422F3E...
3     916118E44978E631EFB0679F173872B3F7D60EF45EB632...
4     07C5876EB8A74B6CF4545A1D714CC09352FA75D19BEC6E...
...                                                 ...
3975  AFDF45F6CD0B0FB107A69761FFBEF354FB0AC7D09EEEB9...
3976  122BE3E3C210B2A958DDEC2D63500348C426ADF3766D09...
3977  3DFB07E6B64A734CA1D470291277DF7086EEE42B3CC914...
3978  D4E075BA488989F53B01698DCBF9443DD5FFCB47407E82...
3979  95A56FCA10050C07352A11ED218FE633DC4C085D5B1EB5...

[3980 rows x 1 columns]
2021-04-09 15:23:53 INFO : line = 25 , message = TBIPKV_DEL_01 : ALTER TABLE TBIPKV2020 TRUNCATE PARTITION  TBIPKV2020_00039_A0001_K0004 
2021-04-09 15:23:53 INFO : line = 25 , message = TBIPKV_INS_01 : INSERT INTO TBIPKV2020 NOLOGGING
(ASK_ID
, RSHP_ID
, PRVDR_CD
, HASH_DID
, TRNSMRCV_CRT_DT
, TRNSMRCV_FIN_DT
, TRNSMRCV_CD
, CRT_PGM_ID
, CRT_DT)
 VALUES
( '2020-00039'
, 'A0001'
, 'K0004'
, ?
, SYSDATE
, SYSDATE
, 'S'
, 'csv2db_df'
, SYSDATE ) 
2021-04-09 15:25:10 INFO : line = 25 , message = msg : (3980, 4)
2021-04-09 15:25:10 INFO : line = 25 , message = TBIPKV_data :           ASK_ID RSHP_ID PRVDR_CD                                           HASH_DID
0     2020-00039   A0001    K0004  7FB7221C1454BEF1850BB14B2620A981091B5C6A6C3A84...
1     2020-00039   A0001    K0004  15246ED35716DC550DD2138EE17E27D36153A55118C4F0...
2     2020-00039   A0001    K0004  23CFF35778752F163D4AE012E0DC1A848C70876F422F3E...
3     2020-00039   A0001    K0004  916118E44978E631EFB0679F173872B3F7D60EF45EB632...
4     2020-00039   A0001    K0004  07C5876EB8A74B6CF4545A1D714CC09352FA75D19BEC6E...
...          ...     ...      ...                                                ...
3975  2020-00039   A0001    K0004  AFDF45F6CD0B0FB107A69761FFBEF354FB0AC7D09EEEB9...
3976  2020-00039   A0001    K0004  122BE3E3C210B2A958DDEC2D63500348C426ADF3766D09...
3977  2020-00039   A0001    K0004  3DFB07E6B64A734CA1D470291277DF7086EEE42B3CC914...
3978  2020-00039   A0001    K0004  D4E075BA488989F53B01698DCBF9443DD5FFCB47407E82...
3979  2020-00039   A0001    K0004  95A56FCA10050C07352A11ED218FE633DC4C085D5B1EB5...

[3980 rows x 4 columns]
2021-04-09 15:25:10 INFO : line = 25 , message = TBIPKV_data :                                                HASH_DID
0     7FB7221C1454BEF1850BB14B2620A981091B5C6A6C3A84...
1     15246ED35716DC550DD2138EE17E27D36153A55118C4F0...
2     23CFF35778752F163D4AE012E0DC1A848C70876F422F3E...
3     916118E44978E631EFB0679F173872B3F7D60EF45EB632...
4     07C5876EB8A74B6CF4545A1D714CC09352FA75D19BEC6E...
...                                                 ...
3975  AFDF45F6CD0B0FB107A69761FFBEF354FB0AC7D09EEEB9...
3976  122BE3E3C210B2A958DDEC2D63500348C426ADF3766D09...
3977  3DFB07E6B64A734CA1D470291277DF7086EEE42B3CC914...
3978  D4E075BA488989F53B01698DCBF9443DD5FFCB47407E82...
3979  95A56FCA10050C07352A11ED218FE633DC4C085D5B1EB5...

[3980 rows x 1 columns]
2021-04-09 15:25:10 INFO : line = 25 , message = TBIPKV_DEL_01 : ALTER TABLE TBIPKV2020 TRUNCATE PARTITION  TBIPKV2020_00039_A0001_K0004 
2021-04-09 15:25:10 INFO : line = 25 , message = TBIPKV_INS_01 : INSERT INTO TBIPKV2020 NOLOGGING
(ASK_ID
, RSHP_ID
, PRVDR_CD
, HASH_DID
, TRNSMRCV_CRT_DT
, TRNSMRCV_FIN_DT
, TRNSMRCV_CD
, CRT_PGM_ID
, CRT_DT)
 VALUES
( '2020-00039'
, 'A0001'
, 'K0004'
, ?
, SYSDATE
, SYSDATE
, 'S'
, 'csv2db_df'
, SYSDATE ) 
2021-04-09 15:25:16 INFO : line = 25 , message = msg : (8998, 4)
2021-04-09 15:25:16 INFO : line = 25 , message = TBIPKV_data :           ASK_ID RSHP_ID PRVDR_CD                                           HASH_DID
0     2020-00039   A0001    K0004  4D39A17120BF35D6430AAC6A58A3CA14791E929EC16BFB...
1     2020-00039   A0001    K0004  D6B14AC0045C888618BA29858A815135EEA5E93163DDE4...
2     2020-00039   A0001    K0004  DDD04996C15C46D7F01CD30A0A533C31FA5BC696466100...
3     2020-00039   A0001    K0004  D7B05435AE4873D446385208673133970BD31BB65DE1AB...
4     2020-00039   A0001    K0004  6278FE3A6C569F382A76E1FF2C26E36DA11C62A424E782...
...          ...     ...      ...                                                ...
8993  2020-00039   A0001    K0004  A95C7A019DFA4A507C631BBDCEECEA5B00E81EB75BC2AB...
8994  2020-00039   A0001    K0004  7242804FC08DFCBDC7D9028C8C25F48DA1DBD9C630B601...
8995  2020-00039   A0001    K0004  D27BA9CA5F48A9229DB3CEF2365B1ADF5CB8FCED6E6294...
8996  2020-00039   A0001    K0004  964312F42B7BB01A4C9BF914CD0BCCA2A7F543C3A1FB74...
8997  2020-00039   A0001    K0004  76298F25516CA31AB625B7CC5A765362332DD8242E8218...

[8998 rows x 4 columns]
2021-04-09 15:25:16 INFO : line = 25 , message = TBIPKV_data :                                                HASH_DID
0     4D39A17120BF35D6430AAC6A58A3CA14791E929EC16BFB...
1     D6B14AC0045C888618BA29858A815135EEA5E93163DDE4...
2     DDD04996C15C46D7F01CD30A0A533C31FA5BC696466100...
3     D7B05435AE4873D446385208673133970BD31BB65DE1AB...
4     6278FE3A6C569F382A76E1FF2C26E36DA11C62A424E782...
...                                                 ...
8993  A95C7A019DFA4A507C631BBDCEECEA5B00E81EB75BC2AB...
8994  7242804FC08DFCBDC7D9028C8C25F48DA1DBD9C630B601...
8995  D27BA9CA5F48A9229DB3CEF2365B1ADF5CB8FCED6E6294...
8996  964312F42B7BB01A4C9BF914CD0BCCA2A7F543C3A1FB74...
8997  76298F25516CA31AB625B7CC5A765362332DD8242E8218...

[8998 rows x 1 columns]
2021-04-09 15:25:16 INFO : line = 25 , message = TBIPKV_DEL_01 : ALTER TABLE TBIPKV2020 TRUNCATE PARTITION  TBIPKV2020_00039_A0001_K0004 
2021-04-09 15:25:16 INFO : line = 25 , message = TBIPKV_INS_01 : INSERT INTO TBIPKV2020 NOLOGGING
(ASK_ID
, RSHP_ID
, PRVDR_CD
, HASH_DID
, TRNSMRCV_CRT_DT
, TRNSMRCV_FIN_DT
, TRNSMRCV_CD
, CRT_PGM_ID
, CRT_DT)
 VALUES
( '2020-00039'
, 'A0001'
, 'K0004'
, ?
, SYSDATE
, SYSDATE
, 'S'
, 'csv2db_df'
, SYSDATE ) 
2021-04-09 15:25:22 INFO : line = 25 , message = msg : (9734, 4)
2021-04-09 15:25:22 INFO : line = 25 , message = TBIPKV_data :           ASK_ID RSHP_ID PRVDR_CD                                           HASH_DID
0     2020-00039   A0001    K0004  5614C956217D25934C0AA5C7796ADB13D17CE6E6661A8D...
1     2020-00039   A0001    K0004  6F0C4546033485C78127CF61B7D27225235EEA6A362BA4...
2     2020-00039   A0001    K0004  07EE4DB9BDA078016D9013DF92D1FCA50E1CE9C0291ACF...
3     2020-00039   A0001    K0004  AF845433C561C0B7F7066B2D113B9D09255FD7123714AA...
4     2020-00039   A0001    K0004  6FCB6D6C231253450EE457F56E78F77D3EFF127AFF8E80...
...          ...     ...      ...                                                ...
9729  2020-00039   A0001    K0004  EB79D0A47D6091BC7FECB29B29215287FC9988830AB355...
9730  2020-00039   A0001    K0004  C4DDD1E6FD9B7FC13FC6CAA0C5526A9ED22DEB510BB0A7...
9731  2020-00039   A0001    K0004  F448B4EA642B895998A0B616A947576AA688EAA9BE8474...
9732  2020-00039   A0001    K0004  A5461F72F303C441650FABD43802EFB048DD0EA0A9A784...
9733  2020-00039   A0001    K0004  B63F4695EE7384CA3BAFC27110C3E276F1DCDAB6183C52...

[9734 rows x 4 columns]
2021-04-09 15:25:22 INFO : line = 25 , message = TBIPKV_data :                                                HASH_DID
0     5614C956217D25934C0AA5C7796ADB13D17CE6E6661A8D...
1     6F0C4546033485C78127CF61B7D27225235EEA6A362BA4...
2     07EE4DB9BDA078016D9013DF92D1FCA50E1CE9C0291ACF...
3     AF845433C561C0B7F7066B2D113B9D09255FD7123714AA...
4     6FCB6D6C231253450EE457F56E78F77D3EFF127AFF8E80...
...                                                 ...
9729  EB79D0A47D6091BC7FECB29B29215287FC9988830AB355...
9730  C4DDD1E6FD9B7FC13FC6CAA0C5526A9ED22DEB510BB0A7...
9731  F448B4EA642B895998A0B616A947576AA688EAA9BE8474...
9732  A5461F72F303C441650FABD43802EFB048DD0EA0A9A784...
9733  B63F4695EE7384CA3BAFC27110C3E276F1DCDAB6183C52...

[9734 rows x 1 columns]
2021-04-09 15:25:22 INFO : line = 25 , message = TBIPKV_DEL_01 : ALTER TABLE TBIPKV2020 TRUNCATE PARTITION  TBIPKV2020_00039_A0001_K0004 
2021-04-09 15:25:22 INFO : line = 25 , message = TBIPKV_INS_01 : INSERT INTO TBIPKV2020 NOLOGGING
(ASK_ID
, RSHP_ID
, PRVDR_CD
, HASH_DID
, TRNSMRCV_CRT_DT
, TRNSMRCV_FIN_DT
, TRNSMRCV_CD
, CRT_PGM_ID
, CRT_DT)
 VALUES
( '2020-00039'
, 'A0001'
, 'K0004'
, ?
, SYSDATE
, SYSDATE
, 'S'
, 'csv2db_df'
, SYSDATE ) 
2021-04-09 15:25:27 INFO : line = 25 , message = msg : (8131, 4)
2021-04-09 15:25:27 INFO : line = 25 , message = TBIPKV_data :           ASK_ID RSHP_ID PRVDR_CD                                           HASH_DID
0     2020-00039   A0001    K0004  C5A1C2758AF54C984FC1E59283781697101A0CB8DD574F...
1     2020-00039   A0001    K0004  07739EBEE54A4A69C89ECB758474F0935686A839F23E35...
2     2020-00039   A0001    K0004  2284775AECC9C94CBA51D1D55959D9D5B23797BDC20B29...
3     2020-00039   A0001    K0004  C84FB36896287BDCC723FFAB0FD65B586571975DC55E8F...
4     2020-00039   A0001    K0004  A1A300BB8537538BB825F05BF2212E34BD696A9DC232C7...
...          ...     ...      ...                                                ...
8126  2020-00039   A0001    K0004  21E7EF26B45F904B1037775A6A0F5D5C28F6FA1B4DDA28...
8127  2020-00039   A0001    K0004  EA8BDD2E0A1D7FA861C001A3E93D3F2EBFE6365C15F599...
8128  2020-00039   A0001    K0004  9AB7953DE519AC1A9D9E170CBB544B1179FB703D47801B...
8129  2020-00039   A0001    K0004  32EDE8CC547A276459D3A64857C358718D78555333F8FF...
8130  2020-00039   A0001    K0004  942986A2DE3E7CAF39ABF2A3358B709D89D996E58F381A...

[8131 rows x 4 columns]
2021-04-09 15:25:27 INFO : line = 25 , message = TBIPKV_data :                                                HASH_DID
0     C5A1C2758AF54C984FC1E59283781697101A0CB8DD574F...
1     07739EBEE54A4A69C89ECB758474F0935686A839F23E35...
2     2284775AECC9C94CBA51D1D55959D9D5B23797BDC20B29...
3     C84FB36896287BDCC723FFAB0FD65B586571975DC55E8F...
4     A1A300BB8537538BB825F05BF2212E34BD696A9DC232C7...
...                                                 ...
8126  21E7EF26B45F904B1037775A6A0F5D5C28F6FA1B4DDA28...
8127  EA8BDD2E0A1D7FA861C001A3E93D3F2EBFE6365C15F599...
8128  9AB7953DE519AC1A9D9E170CBB544B1179FB703D47801B...
8129  32EDE8CC547A276459D3A64857C358718D78555333F8FF...
8130  942986A2DE3E7CAF39ABF2A3358B709D89D996E58F381A...

[8131 rows x 1 columns]
2021-04-09 15:25:27 INFO : line = 25 , message = TBIPKV_DEL_01 : ALTER TABLE TBIPKV2020 TRUNCATE PARTITION  TBIPKV2020_00039_A0001_K0004 
2021-04-09 15:25:27 INFO : line = 25 , message = TBIPKV_INS_01 : INSERT INTO TBIPKV2020 NOLOGGING
(ASK_ID
, RSHP_ID
, PRVDR_CD
, HASH_DID
, TRNSMRCV_CRT_DT
, TRNSMRCV_FIN_DT
, TRNSMRCV_CD
, CRT_PGM_ID
, CRT_DT)
 VALUES
( '2020-00039'
, 'A0001'
, 'K0004'
, ?
, SYSDATE
, SYSDATE
, 'S'
, 'csv2db_df'
, SYSDATE ) 
2021-04-09 15:25:34 INFO : line = 25 , message = msg : (7743, 4)
2021-04-09 15:25:34 INFO : line = 25 , message = TBIPKV_data :           ASK_ID RSHP_ID PRVDR_CD                                           HASH_DID
0     2020-00039   A0001    K0004  9604BA8FB4198B7773F7BDFCEACC8B671763AADC096564...
1     2020-00039   A0001    K0004  08753FFADE7FC2B9A734A2F1E7D1C23FDC15AC38FD08F0...
2     2020-00039   A0001    K0004  CA4F0E7AC114688A877F72B337A9580426AE306AC18891...
3     2020-00039   A0001    K0004  0D3D4194AD7403EAF308C3EE87EA138AA0F1337EAE1A7D...
4     2020-00039   A0001    K0004  80DAB3B2F0146E11EBB494C00AF3B10FAC88681B878AC4...
...          ...     ...      ...                                                ...
7738  2020-00039   A0001    K0004  8747580D47E7A04E04757E278BAC8D4385ED676D8080DC...
7739  2020-00039   A0001    K0004  57DFBA56C0F1E50830A1D204FF5CDC006C03195BC29D43...
7740  2020-00039   A0001    K0004  A3F19C8953C257C682AB833FB41562AFE7D4EB7E219855...
7741  2020-00039   A0001    K0004  841CD0AA1A85682D1C9F28656D0D688B76BCB413BCFA9F...
7742  2020-00039   A0001    K0004  EB6EC4F9B5BA4386A2FF6B44662E000ADF2886EB7CF0E0...

[7743 rows x 4 columns]
2021-04-09 15:25:34 INFO : line = 25 , message = TBIPKV_data :                                                HASH_DID
0     9604BA8FB4198B7773F7BDFCEACC8B671763AADC096564...
1     08753FFADE7FC2B9A734A2F1E7D1C23FDC15AC38FD08F0...
2     CA4F0E7AC114688A877F72B337A9580426AE306AC18891...
3     0D3D4194AD7403EAF308C3EE87EA138AA0F1337EAE1A7D...
4     80DAB3B2F0146E11EBB494C00AF3B10FAC88681B878AC4...
...                                                 ...
7738  8747580D47E7A04E04757E278BAC8D4385ED676D8080DC...
7739  57DFBA56C0F1E50830A1D204FF5CDC006C03195BC29D43...
7740  A3F19C8953C257C682AB833FB41562AFE7D4EB7E219855...
7741  841CD0AA1A85682D1C9F28656D0D688B76BCB413BCFA9F...
7742  EB6EC4F9B5BA4386A2FF6B44662E000ADF2886EB7CF0E0...

[7743 rows x 1 columns]
2021-04-09 15:25:34 INFO : line = 25 , message = TBIPKV_DEL_01 : ALTER TABLE TBIPKV2020 TRUNCATE PARTITION  TBIPKV2020_00039_A0001_K0004 
2021-04-09 15:25:34 INFO : line = 25 , message = TBIPKV_INS_01 : INSERT INTO TBIPKV2020 NOLOGGING
(ASK_ID
, RSHP_ID
, PRVDR_CD
, HASH_DID
, TRNSMRCV_CRT_DT
, TRNSMRCV_FIN_DT
, TRNSMRCV_CD
, CRT_PGM_ID
, CRT_DT)
 VALUES
( '2020-00039'
, 'A0001'
, 'K0004'
, ?
, SYSDATE
, SYSDATE
, 'S'
, 'csv2db_df'
, SYSDATE ) 
2021-04-09 15:25:41 INFO : line = 25 , message = msg : (7470, 4)
2021-04-09 15:25:41 INFO : line = 25 , message = TBIPKV_data :           ASK_ID RSHP_ID PRVDR_CD                                           HASH_DID
0     2020-00039   A0001    K0004  186A30FDDF4C9806F29AE3DFE500336E2888C8A2BE7FBA...
1     2020-00039   A0001    K0004  504256CB38DC9E978655E527AA53EF21960714F1C62C78...
2     2020-00039   A0001    K0004  7940E9E0A1589DF9C2E54D4DEEA2C9C40C423F0D3EA90B...
3     2020-00039   A0001    K0004  EDD2F0FB7D3D0F3D329C9A5E06F8892DF9654D3E0A9026...
4     2020-00039   A0001    K0004  93C554625EDE6D72209A81051FE463B29365D4B0F99605...
...          ...     ...      ...                                                ...
7465  2020-00039   A0001    K0004  AAA786F9303EBE9E6EE9ECF38C8834D5B5B8BB3A7E1480...
7466  2020-00039   A0001    K0004  90B376565CCA7D487AB7A00D7FB88D0AF421C7B724722C...
7467  2020-00039   A0001    K0004  65C9D9BB4D23CA7E58630DA267595B32EC283A02802BAB...
7468  2020-00039   A0001    K0004  583FF82855E6526B552F68F71CB15256B71E499A8AD8A2...
7469  2020-00039   A0001    K0004  916D8E5659ECCCB437C5A308415AAF3F07B8FAD2A27315...

[7470 rows x 4 columns]
2021-04-09 15:25:41 INFO : line = 25 , message = TBIPKV_data :                                                HASH_DID
0     186A30FDDF4C9806F29AE3DFE500336E2888C8A2BE7FBA...
1     504256CB38DC9E978655E527AA53EF21960714F1C62C78...
2     7940E9E0A1589DF9C2E54D4DEEA2C9C40C423F0D3EA90B...
3     EDD2F0FB7D3D0F3D329C9A5E06F8892DF9654D3E0A9026...
4     93C554625EDE6D72209A81051FE463B29365D4B0F99605...
...                                                 ...
7465  AAA786F9303EBE9E6EE9ECF38C8834D5B5B8BB3A7E1480...
7466  90B376565CCA7D487AB7A00D7FB88D0AF421C7B724722C...
7467  65C9D9BB4D23CA7E58630DA267595B32EC283A02802BAB...
7468  583FF82855E6526B552F68F71CB15256B71E499A8AD8A2...
7469  916D8E5659ECCCB437C5A308415AAF3F07B8FAD2A27315...

[7470 rows x 1 columns]
2021-04-09 15:25:41 INFO : line = 25 , message = TBIPKV_DEL_01 : ALTER TABLE TBIPKV2020 TRUNCATE PARTITION  TBIPKV2020_00039_A0001_K0004 
2021-04-09 15:25:41 INFO : line = 25 , message = TBIPKV_INS_01 : INSERT INTO TBIPKV2020 NOLOGGING
(ASK_ID
, RSHP_ID
, PRVDR_CD
, HASH_DID
, TRNSMRCV_CRT_DT
, TRNSMRCV_FIN_DT
, TRNSMRCV_CD
, CRT_PGM_ID
, CRT_DT)
 VALUES
( '2020-00039'
, 'A0001'
, 'K0004'
, ?
, SYSDATE
, SYSDATE
, 'S'
, 'csv2db_df'
, SYSDATE ) 
2021-04-09 15:25:46 INFO : line = 25 , message = msg : (7364, 4)
2021-04-09 15:25:46 INFO : line = 25 , message = TBIPKV_data :           ASK_ID RSHP_ID PRVDR_CD                                           HASH_DID
0     2020-00039   A0001    K0004  37DAE4825C5F6FBCCADB097749A6DAFCF79A0F63723416...
1     2020-00039   A0001    K0004  CAA2CACF6480B9CD5CD4E6DAFE71108397F100D6107D47...
2     2020-00039   A0001    K0004  942D8E2ED65E74F95D17C23A16A6EEF8904BEB825C9C94...
3     2020-00039   A0001    K0004  ADD82A9A1944AECAEAF5BB341CCF092E31671A3945060A...
4     2020-00039   A0001    K0004  D6B3378F9402E59C98A887D7FEC0586C781CA3CC22032A...
...          ...     ...      ...                                                ...
7359  2020-00039   A0001    K0004  09D7863CE0B9FEB4D015D3321721FDED56CA02846DC9CF...
7360  2020-00039   A0001    K0004  B0E5C73A6A9E224F27F0CD78AD5183E636A8E10E9B2D7E...
7361  2020-00039   A0001    K0004  32EEA240A9AF1E90B55F8F6772787E2435D7162C3200CF...
7362  2020-00039   A0001    K0004  DE37B006591A74FBECDFFAD3A7A14AD376C6FCED7F8D39...
7363  2020-00039   A0001    K0004  3E577182BA36B3BE7EC3DF53D141C8753E11A29900D9B1...

[7364 rows x 4 columns]
2021-04-09 15:25:46 INFO : line = 25 , message = TBIPKV_data :                                                HASH_DID
0     37DAE4825C5F6FBCCADB097749A6DAFCF79A0F63723416...
1     CAA2CACF6480B9CD5CD4E6DAFE71108397F100D6107D47...
2     942D8E2ED65E74F95D17C23A16A6EEF8904BEB825C9C94...
3     ADD82A9A1944AECAEAF5BB341CCF092E31671A3945060A...
4     D6B3378F9402E59C98A887D7FEC0586C781CA3CC22032A...
...                                                 ...
7359  09D7863CE0B9FEB4D015D3321721FDED56CA02846DC9CF...
7360  B0E5C73A6A9E224F27F0CD78AD5183E636A8E10E9B2D7E...
7361  32EEA240A9AF1E90B55F8F6772787E2435D7162C3200CF...
7362  DE37B006591A74FBECDFFAD3A7A14AD376C6FCED7F8D39...
7363  3E577182BA36B3BE7EC3DF53D141C8753E11A29900D9B1...

[7364 rows x 1 columns]
2021-04-09 15:25:46 INFO : line = 25 , message = TBIPKV_DEL_01 : ALTER TABLE TBIPKV2020 TRUNCATE PARTITION  TBIPKV2020_00039_A0001_K0004 
2021-04-09 15:25:46 INFO : line = 25 , message = TBIPKV_INS_01 : INSERT INTO TBIPKV2020 NOLOGGING
(ASK_ID
, RSHP_ID
, PRVDR_CD
, HASH_DID
, TRNSMRCV_CRT_DT
, TRNSMRCV_FIN_DT
, TRNSMRCV_CD
, CRT_PGM_ID
, CRT_DT)
 VALUES
( '2020-00039'
, 'A0001'
, 'K0004'
, ?
, SYSDATE
, SYSDATE
, 'S'
, 'csv2db_df'
, SYSDATE ) 
2021-04-09 15:25:51 INFO : line = 25 , message = msg : (6139, 4)
2021-04-09 15:25:51 INFO : line = 25 , message = TBIPKV_data :           ASK_ID RSHP_ID PRVDR_CD                                           HASH_DID
0     2020-00039   A0001    K0004  75ACD16EA303B7D3056CEBE54FC10E108A38EB7F8312AB...
1     2020-00039   A0001    K0004  3A5975B2008EED8C789D9621DDF537A31574FB8821E385...
2     2020-00039   A0001    K0004  8A2B7CB7D1B65D5A86FC77CBC606B57CD73D2284C6C0AC...
3     2020-00039   A0001    K0004  BA96EF1ABA1DFE407D8D2C0C83989815FC5F1C3726516F...
4     2020-00039   A0001    K0004  951242BB394194F5F53FC02C5B11E0B9D5AC53A4571690...
...          ...     ...      ...                                                ...
6134  2020-00039   A0001    K0004  8C3B3C32FF50A6230481E28ACA770602DB49A1E6E84B2A...
6135  2020-00039   A0001    K0004  8570879D0D491CB2E5D4C259D22C42C5D83C77923717A0...
6136  2020-00039   A0001    K0004  EF2882B044BE0BA566D1C0E834947A6C3F08E0FCC5C5B0...
6137  2020-00039   A0001    K0004  DF7390D1873D7C189344E9BFF1EC62857DAE91A71D8649...
6138  2020-00039   A0001    K0004  40D02F4A3D00B4799E57DD296E17687DCED362C24DFB68...

[6139 rows x 4 columns]
2021-04-09 15:25:51 INFO : line = 25 , message = TBIPKV_data :                                                HASH_DID
0     75ACD16EA303B7D3056CEBE54FC10E108A38EB7F8312AB...
1     3A5975B2008EED8C789D9621DDF537A31574FB8821E385...
2     8A2B7CB7D1B65D5A86FC77CBC606B57CD73D2284C6C0AC...
3     BA96EF1ABA1DFE407D8D2C0C83989815FC5F1C3726516F...
4     951242BB394194F5F53FC02C5B11E0B9D5AC53A4571690...
...                                                 ...
6134  8C3B3C32FF50A6230481E28ACA770602DB49A1E6E84B2A...
6135  8570879D0D491CB2E5D4C259D22C42C5D83C77923717A0...
6136  EF2882B044BE0BA566D1C0E834947A6C3F08E0FCC5C5B0...
6137  DF7390D1873D7C189344E9BFF1EC62857DAE91A71D8649...
6138  40D02F4A3D00B4799E57DD296E17687DCED362C24DFB68...

[6139 rows x 1 columns]
2021-04-09 15:25:51 INFO : line = 25 , message = TBIPKV_DEL_01 : ALTER TABLE TBIPKV2020 TRUNCATE PARTITION  TBIPKV2020_00039_A0001_K0004 
2021-04-09 15:25:51 INFO : line = 25 , message = TBIPKV_INS_01 : INSERT INTO TBIPKV2020 NOLOGGING
(ASK_ID
, RSHP_ID
, PRVDR_CD
, HASH_DID
, TRNSMRCV_CRT_DT
, TRNSMRCV_FIN_DT
, TRNSMRCV_CD
, CRT_PGM_ID
, CRT_DT)
 VALUES
( '2020-00039'
, 'A0001'
, 'K0004'
, ?
, SYSDATE
, SYSDATE
, 'S'
, 'csv2db_df'
, SYSDATE ) 
2021-04-09 15:25:56 INFO : line = 25 , message = msg : (6825, 4)
2021-04-09 15:25:56 INFO : line = 25 , message = TBIPKV_data :           ASK_ID RSHP_ID PRVDR_CD                                           HASH_DID
0     2020-00039   A0001    K0004  E1DA83D1CEAA4641802CFC4D8C676F995BCD56089F7EBA...
1     2020-00039   A0001    K0004  EC7ECAFAB29A9C1573FB617C6B17CF709595E463F50D1A...
2     2020-00039   A0001    K0004  E26C81AE3A4DA3F864F8FCC73CAC97EBE1FBDC2547E2FD...
3     2020-00039   A0001    K0004  89E3A5B26113605DBB96B838F01B7476F96E18A53F4C9F...
4     2020-00039   A0001    K0004  4193C618474C4098D95E6C6A4269ACE2225BD55E9DF9BC...
...          ...     ...      ...                                                ...
6820  2020-00039   A0001    K0004  53EEAA62C6852AF354628B326913BF2D8B557D354B808E...
6821  2020-00039   A0001    K0004  2AB35CB8880F56EFDAA197761D41024E85372EB6EBD1CD...
6822  2020-00039   A0001    K0004  54B49A895DA188979DE089DA3957D9355F36EFBE6C7430...
6823  2020-00039   A0001    K0004  BEC75A57777663584143496EC20BD1972752E911A39E57...
6824  2020-00039   A0001    K0004  2DADCD2DAA93D2F699F9C5E6154CFF2E3A34307C18BE01...

[6825 rows x 4 columns]
2021-04-09 15:25:56 INFO : line = 25 , message = TBIPKV_data :                                                HASH_DID
0     E1DA83D1CEAA4641802CFC4D8C676F995BCD56089F7EBA...
1     EC7ECAFAB29A9C1573FB617C6B17CF709595E463F50D1A...
2     E26C81AE3A4DA3F864F8FCC73CAC97EBE1FBDC2547E2FD...
3     89E3A5B26113605DBB96B838F01B7476F96E18A53F4C9F...
4     4193C618474C4098D95E6C6A4269ACE2225BD55E9DF9BC...
...                                                 ...
6820  53EEAA62C6852AF354628B326913BF2D8B557D354B808E...
6821  2AB35CB8880F56EFDAA197761D41024E85372EB6EBD1CD...
6822  54B49A895DA188979DE089DA3957D9355F36EFBE6C7430...
6823  BEC75A57777663584143496EC20BD1972752E911A39E57...
6824  2DADCD2DAA93D2F699F9C5E6154CFF2E3A34307C18BE01...

[6825 rows x 1 columns]
2021-04-09 15:25:56 INFO : line = 25 , message = TBIPKV_DEL_01 : ALTER TABLE TBIPKV2020 TRUNCATE PARTITION  TBIPKV2020_00039_A0001_K0004 
2021-04-09 15:25:56 INFO : line = 25 , message = TBIPKV_INS_01 : INSERT INTO TBIPKV2020 NOLOGGING
(ASK_ID
, RSHP_ID
, PRVDR_CD
, HASH_DID
, TRNSMRCV_CRT_DT
, TRNSMRCV_FIN_DT
, TRNSMRCV_CD
, CRT_PGM_ID
, CRT_DT)
 VALUES
( '2020-00039'
, 'A0001'
, 'K0004'
, ?
, SYSDATE
, SYSDATE
, 'S'
, 'csv2db_df'
, SYSDATE ) 
2021-04-09 15:26:00 INFO : line = 25 , message = msg : (7235, 4)
2021-04-09 15:26:00 INFO : line = 25 , message = TBIPKV_data :           ASK_ID RSHP_ID PRVDR_CD                                           HASH_DID
0     2020-00039   A0001    K0004  8A7F58FF81E1E309FF6CF038AA92108B722934D2E7A183...
1     2020-00039   A0001    K0004  017F27E2FFBC2A899B2AE387457B88958AECDC6BC018D5...
2     2020-00039   A0001    K0004  DD9AD82905FC29B750083F2F3DC20F4A2F7554B106568E...
3     2020-00039   A0001    K0004  7C499684465467649E41D4A6C4701B855778DBE69B7B85...
4     2020-00039   A0001    K0004  B95564764CFA54B5424016DA898DC4130F788988CC6085...
...          ...     ...      ...                                                ...
7230  2020-00039   A0001    K0004  BE9F94C0EB608885B27224C21C871D90C073631ED28AD8...
7231  2020-00039   A0001    K0004  3C0C01E55249E38FDB49257500325F8FB1E984A69CF8F9...
7232  2020-00039   A0001    K0004  DB8A6106812BC45110D6E24C3491299CE24F48B5D95C07...
7233  2020-00039   A0001    K0004  23EE66A7B50BD48B0FF68F88558120E89BDC88BD27CBB1...
7234  2020-00039   A0001    K0004  01AA13A5C7D8C693A01FFCC2F0B430D9063F5AED91EF86...

[7235 rows x 4 columns]
2021-04-09 15:26:00 INFO : line = 25 , message = TBIPKV_data :                                                HASH_DID
0     8A7F58FF81E1E309FF6CF038AA92108B722934D2E7A183...
1     017F27E2FFBC2A899B2AE387457B88958AECDC6BC018D5...
2     DD9AD82905FC29B750083F2F3DC20F4A2F7554B106568E...
3     7C499684465467649E41D4A6C4701B855778DBE69B7B85...
4     B95564764CFA54B5424016DA898DC4130F788988CC6085...
...                                                 ...
7230  BE9F94C0EB608885B27224C21C871D90C073631ED28AD8...
7231  3C0C01E55249E38FDB49257500325F8FB1E984A69CF8F9...
7232  DB8A6106812BC45110D6E24C3491299CE24F48B5D95C07...
7233  23EE66A7B50BD48B0FF68F88558120E89BDC88BD27CBB1...
7234  01AA13A5C7D8C693A01FFCC2F0B430D9063F5AED91EF86...

[7235 rows x 1 columns]
2021-04-09 15:26:00 INFO : line = 25 , message = TBIPKV_DEL_01 : ALTER TABLE TBIPKV2020 TRUNCATE PARTITION  TBIPKV2020_00039_A0001_K0004 
2021-04-09 15:26:00 INFO : line = 25 , message = TBIPKV_INS_01 : INSERT INTO TBIPKV2020 NOLOGGING
(ASK_ID
, RSHP_ID
, PRVDR_CD
, HASH_DID
, TRNSMRCV_CRT_DT
, TRNSMRCV_FIN_DT
, TRNSMRCV_CD
, CRT_PGM_ID
, CRT_DT)
 VALUES
( '2020-00039'
, 'A0001'
, 'K0004'
, ?
, SYSDATE
, SYSDATE
, 'S'
, 'csv2db_df'
, SYSDATE ) 
2021-04-09 15:26:05 INFO : line = 25 , message = msg : (7475, 4)
2021-04-09 15:26:05 INFO : line = 25 , message = TBIPKV_data :           ASK_ID RSHP_ID PRVDR_CD                                           HASH_DID
0     2020-00039   A0001    K0004  27FA113A9EA5A34215575CFE20326A78B47CA5D9217C5F...
1     2020-00039   A0001    K0004  EA4A8AE30D156FE749DD48E98EC79F37D3BF34EB24A0F0...
2     2020-00039   A0001    K0004  FD7ADA720810F18C617AEF623158AB7E1B94E05E22A3BA...
3     2020-00039   A0001    K0004  0781CEF244261E0FDED6089ED0231D2325C2320A0905E0...
4     2020-00039   A0001    K0004  AFAF684300F74AE6257D3B63E17B61DA4E8630737587A0...
...          ...     ...      ...                                                ...
7470  2020-00039   A0001    K0004  21CD124C8C8FF13FA30786404E41CDBF8954CD4657EA6E...
7471  2020-00039   A0001    K0004  E32D2DEBCE7DCD4BFC38314EDFD9D0E556421FE57A3637...
7472  2020-00039   A0001    K0004  F04615219E0D7EBDA9A83A0EA3562E2D64B4FC22EA6FC5...
7473  2020-00039   A0001    K0004  ECED07B06144008D1503B03ADC93D625582A59A6212E3D...
7474  2020-00039   A0001    K0004  0A9C0C31F201DD0994133B8208FD1357B49D0645311F15...

[7475 rows x 4 columns]
2021-04-09 15:26:05 INFO : line = 25 , message = TBIPKV_data :                                                HASH_DID
0     27FA113A9EA5A34215575CFE20326A78B47CA5D9217C5F...
1     EA4A8AE30D156FE749DD48E98EC79F37D3BF34EB24A0F0...
2     FD7ADA720810F18C617AEF623158AB7E1B94E05E22A3BA...
3     0781CEF244261E0FDED6089ED0231D2325C2320A0905E0...
4     AFAF684300F74AE6257D3B63E17B61DA4E8630737587A0...
...                                                 ...
7470  21CD124C8C8FF13FA30786404E41CDBF8954CD4657EA6E...
7471  E32D2DEBCE7DCD4BFC38314EDFD9D0E556421FE57A3637...
7472  F04615219E0D7EBDA9A83A0EA3562E2D64B4FC22EA6FC5...
7473  ECED07B06144008D1503B03ADC93D625582A59A6212E3D...
7474  0A9C0C31F201DD0994133B8208FD1357B49D0645311F15...

[7475 rows x 1 columns]
2021-04-09 15:26:05 INFO : line = 25 , message = TBIPKV_DEL_01 : ALTER TABLE TBIPKV2020 TRUNCATE PARTITION  TBIPKV2020_00039_A0001_K0004 
2021-04-09 15:26:05 INFO : line = 25 , message = TBIPKV_INS_01 : INSERT INTO TBIPKV2020 NOLOGGING
(ASK_ID
, RSHP_ID
, PRVDR_CD
, HASH_DID
, TRNSMRCV_CRT_DT
, TRNSMRCV_FIN_DT
, TRNSMRCV_CD
, CRT_PGM_ID
, CRT_DT)
 VALUES
( '2020-00039'
, 'A0001'
, 'K0004'
, ?
, SYSDATE
, SYSDATE
, 'S'
, 'csv2db_df'
, SYSDATE ) 
2021-04-09 15:31:44 INFO : line = 25 , message = msg : (3980, 4)
2021-04-09 15:31:44 INFO : line = 25 , message = TBIPKV_data :           ASK_ID RSHP_ID PRVDR_CD                                           HASH_DID
0     2020-00039   A0001    K0004  7FB7221C1454BEF1850BB14B2620A981091B5C6A6C3A84...
1     2020-00039   A0001    K0004  15246ED35716DC550DD2138EE17E27D36153A55118C4F0...
2     2020-00039   A0001    K0004  23CFF35778752F163D4AE012E0DC1A848C70876F422F3E...
3     2020-00039   A0001    K0004  916118E44978E631EFB0679F173872B3F7D60EF45EB632...
4     2020-00039   A0001    K0004  07C5876EB8A74B6CF4545A1D714CC09352FA75D19BEC6E...
...          ...     ...      ...                                                ...
3975  2020-00039   A0001    K0004  AFDF45F6CD0B0FB107A69761FFBEF354FB0AC7D09EEEB9...
3976  2020-00039   A0001    K0004  122BE3E3C210B2A958DDEC2D63500348C426ADF3766D09...
3977  2020-00039   A0001    K0004  3DFB07E6B64A734CA1D470291277DF7086EEE42B3CC914...
3978  2020-00039   A0001    K0004  D4E075BA488989F53B01698DCBF9443DD5FFCB47407E82...
3979  2020-00039   A0001    K0004  95A56FCA10050C07352A11ED218FE633DC4C085D5B1EB5...

[3980 rows x 4 columns]
2021-04-09 15:31:44 INFO : line = 25 , message = TBIPKV_data :                                                HASH_DID
0     7FB7221C1454BEF1850BB14B2620A981091B5C6A6C3A84...
1     15246ED35716DC550DD2138EE17E27D36153A55118C4F0...
2     23CFF35778752F163D4AE012E0DC1A848C70876F422F3E...
3     916118E44978E631EFB0679F173872B3F7D60EF45EB632...
4     07C5876EB8A74B6CF4545A1D714CC09352FA75D19BEC6E...
...                                                 ...
3975  AFDF45F6CD0B0FB107A69761FFBEF354FB0AC7D09EEEB9...
3976  122BE3E3C210B2A958DDEC2D63500348C426ADF3766D09...
3977  3DFB07E6B64A734CA1D470291277DF7086EEE42B3CC914...
3978  D4E075BA488989F53B01698DCBF9443DD5FFCB47407E82...
3979  95A56FCA10050C07352A11ED218FE633DC4C085D5B1EB5...

[3980 rows x 1 columns]
2021-04-09 15:31:44 INFO : line = 25 , message = TBIPKV_DEL_01 : ALTER TABLE TBIPKV2020 TRUNCATE PARTITION  TBIPKV2020_00039_A0001_K0004 
2021-04-09 15:31:44 INFO : line = 25 , message = TBIPKV_INS_01 : INSERT INTO TBIPKV2020 NOLOGGING
(ASK_ID
, RSHP_ID
, PRVDR_CD
, HASH_DID
, TRNSMRCV_CRT_DT
, TRNSMRCV_FIN_DT
, TRNSMRCV_CD
, CRT_PGM_ID
, CRT_DT)
 VALUES
( '2020-00039'
, 'A0001'
, 'K0004'
, ?
, SYSDATE
, SYSDATE
, 'S'
, 'csv2db_df'
, SYSDATE ) 
2021-04-09 15:32:01 INFO : line = 25 , message = msg : (8998, 4)
2021-04-09 15:32:01 INFO : line = 25 , message = TBIPKV_data :           ASK_ID RSHP_ID PRVDR_CD                                           HASH_DID
0     2020-00039   A0001    K0004  4D39A17120BF35D6430AAC6A58A3CA14791E929EC16BFB...
1     2020-00039   A0001    K0004  D6B14AC0045C888618BA29858A815135EEA5E93163DDE4...
2     2020-00039   A0001    K0004  DDD04996C15C46D7F01CD30A0A533C31FA5BC696466100...
3     2020-00039   A0001    K0004  D7B05435AE4873D446385208673133970BD31BB65DE1AB...
4     2020-00039   A0001    K0004  6278FE3A6C569F382A76E1FF2C26E36DA11C62A424E782...
...          ...     ...      ...                                                ...
8993  2020-00039   A0001    K0004  A95C7A019DFA4A507C631BBDCEECEA5B00E81EB75BC2AB...
8994  2020-00039   A0001    K0004  7242804FC08DFCBDC7D9028C8C25F48DA1DBD9C630B601...
8995  2020-00039   A0001    K0004  D27BA9CA5F48A9229DB3CEF2365B1ADF5CB8FCED6E6294...
8996  2020-00039   A0001    K0004  964312F42B7BB01A4C9BF914CD0BCCA2A7F543C3A1FB74...
8997  2020-00039   A0001    K0004  76298F25516CA31AB625B7CC5A765362332DD8242E8218...

[8998 rows x 4 columns]
2021-04-09 15:32:01 INFO : line = 25 , message = TBIPKV_data :                                                HASH_DID
0     4D39A17120BF35D6430AAC6A58A3CA14791E929EC16BFB...
1     D6B14AC0045C888618BA29858A815135EEA5E93163DDE4...
2     DDD04996C15C46D7F01CD30A0A533C31FA5BC696466100...
3     D7B05435AE4873D446385208673133970BD31BB65DE1AB...
4     6278FE3A6C569F382A76E1FF2C26E36DA11C62A424E782...
...                                                 ...
8993  A95C7A019DFA4A507C631BBDCEECEA5B00E81EB75BC2AB...
8994  7242804FC08DFCBDC7D9028C8C25F48DA1DBD9C630B601...
8995  D27BA9CA5F48A9229DB3CEF2365B1ADF5CB8FCED6E6294...
8996  964312F42B7BB01A4C9BF914CD0BCCA2A7F543C3A1FB74...
8997  76298F25516CA31AB625B7CC5A765362332DD8242E8218...

[8998 rows x 1 columns]
2021-04-09 15:32:01 INFO : line = 25 , message = TBIPKV_INS_01 : INSERT INTO TBIPKV2020 NOLOGGING
(ASK_ID
, RSHP_ID
, PRVDR_CD
, HASH_DID
, TRNSMRCV_CRT_DT
, TRNSMRCV_FIN_DT
, TRNSMRCV_CD
, CRT_PGM_ID
, CRT_DT)
 VALUES
( '2020-00039'
, 'A0001'
, 'K0004'
, ?
, SYSDATE
, SYSDATE
, 'S'
, 'csv2db_df'
, SYSDATE ) 
2021-04-09 15:32:26 INFO : line = 25 , message = msg : (9734, 4)
2021-04-09 15:32:26 INFO : line = 25 , message = TBIPKV_data :           ASK_ID RSHP_ID PRVDR_CD                                           HASH_DID
0     2020-00039   A0001    K0004  5614C956217D25934C0AA5C7796ADB13D17CE6E6661A8D...
1     2020-00039   A0001    K0004  6F0C4546033485C78127CF61B7D27225235EEA6A362BA4...
2     2020-00039   A0001    K0004  07EE4DB9BDA078016D9013DF92D1FCA50E1CE9C0291ACF...
3     2020-00039   A0001    K0004  AF845433C561C0B7F7066B2D113B9D09255FD7123714AA...
4     2020-00039   A0001    K0004  6FCB6D6C231253450EE457F56E78F77D3EFF127AFF8E80...
...          ...     ...      ...                                                ...
9729  2020-00039   A0001    K0004  EB79D0A47D6091BC7FECB29B29215287FC9988830AB355...
9730  2020-00039   A0001    K0004  C4DDD1E6FD9B7FC13FC6CAA0C5526A9ED22DEB510BB0A7...
9731  2020-00039   A0001    K0004  F448B4EA642B895998A0B616A947576AA688EAA9BE8474...
9732  2020-00039   A0001    K0004  A5461F72F303C441650FABD43802EFB048DD0EA0A9A784...
9733  2020-00039   A0001    K0004  B63F4695EE7384CA3BAFC27110C3E276F1DCDAB6183C52...

[9734 rows x 4 columns]
2021-04-09 15:32:26 INFO : line = 25 , message = TBIPKV_data :                                                HASH_DID
0     5614C956217D25934C0AA5C7796ADB13D17CE6E6661A8D...
1     6F0C4546033485C78127CF61B7D27225235EEA6A362BA4...
2     07EE4DB9BDA078016D9013DF92D1FCA50E1CE9C0291ACF...
3     AF845433C561C0B7F7066B2D113B9D09255FD7123714AA...
4     6FCB6D6C231253450EE457F56E78F77D3EFF127AFF8E80...
...                                                 ...
9729  EB79D0A47D6091BC7FECB29B29215287FC9988830AB355...
9730  C4DDD1E6FD9B7FC13FC6CAA0C5526A9ED22DEB510BB0A7...
9731  F448B4EA642B895998A0B616A947576AA688EAA9BE8474...
9732  A5461F72F303C441650FABD43802EFB048DD0EA0A9A784...
9733  B63F4695EE7384CA3BAFC27110C3E276F1DCDAB6183C52...

[9734 rows x 1 columns]
2021-04-09 15:32:26 INFO : line = 25 , message = TBIPKV_INS_01 : INSERT INTO TBIPKV2020 NOLOGGING
(ASK_ID
, RSHP_ID
, PRVDR_CD
, HASH_DID
, TRNSMRCV_CRT_DT
, TRNSMRCV_FIN_DT
, TRNSMRCV_CD
, CRT_PGM_ID
, CRT_DT)
 VALUES
( '2020-00039'
, 'A0001'
, 'K0004'
, ?
, SYSDATE
, SYSDATE
, 'S'
, 'csv2db_df'
, SYSDATE ) 
2021-04-09 15:32:34 INFO : line = 25 , message = msg : (8131, 4)
2021-04-09 15:32:34 INFO : line = 25 , message = TBIPKV_data :           ASK_ID RSHP_ID PRVDR_CD                                           HASH_DID
0     2020-00039   A0001    K0004  C5A1C2758AF54C984FC1E59283781697101A0CB8DD574F...
1     2020-00039   A0001    K0004  07739EBEE54A4A69C89ECB758474F0935686A839F23E35...
2     2020-00039   A0001    K0004  2284775AECC9C94CBA51D1D55959D9D5B23797BDC20B29...
3     2020-00039   A0001    K0004  C84FB36896287BDCC723FFAB0FD65B586571975DC55E8F...
4     2020-00039   A0001    K0004  A1A300BB8537538BB825F05BF2212E34BD696A9DC232C7...
...          ...     ...      ...                                                ...
8126  2020-00039   A0001    K0004  21E7EF26B45F904B1037775A6A0F5D5C28F6FA1B4DDA28...
8127  2020-00039   A0001    K0004  EA8BDD2E0A1D7FA861C001A3E93D3F2EBFE6365C15F599...
8128  2020-00039   A0001    K0004  9AB7953DE519AC1A9D9E170CBB544B1179FB703D47801B...
8129  2020-00039   A0001    K0004  32EDE8CC547A276459D3A64857C358718D78555333F8FF...
8130  2020-00039   A0001    K0004  942986A2DE3E7CAF39ABF2A3358B709D89D996E58F381A...

[8131 rows x 4 columns]
2021-04-09 15:32:34 INFO : line = 25 , message = TBIPKV_data :                                                HASH_DID
0     C5A1C2758AF54C984FC1E59283781697101A0CB8DD574F...
1     07739EBEE54A4A69C89ECB758474F0935686A839F23E35...
2     2284775AECC9C94CBA51D1D55959D9D5B23797BDC20B29...
3     C84FB36896287BDCC723FFAB0FD65B586571975DC55E8F...
4     A1A300BB8537538BB825F05BF2212E34BD696A9DC232C7...
...                                                 ...
8126  21E7EF26B45F904B1037775A6A0F5D5C28F6FA1B4DDA28...
8127  EA8BDD2E0A1D7FA861C001A3E93D3F2EBFE6365C15F599...
8128  9AB7953DE519AC1A9D9E170CBB544B1179FB703D47801B...
8129  32EDE8CC547A276459D3A64857C358718D78555333F8FF...
8130  942986A2DE3E7CAF39ABF2A3358B709D89D996E58F381A...

[8131 rows x 1 columns]
2021-04-09 15:32:34 INFO : line = 25 , message = TBIPKV_INS_01 : INSERT INTO TBIPKV2020 NOLOGGING
(ASK_ID
, RSHP_ID
, PRVDR_CD
, HASH_DID
, TRNSMRCV_CRT_DT
, TRNSMRCV_FIN_DT
, TRNSMRCV_CD
, CRT_PGM_ID
, CRT_DT)
 VALUES
( '2020-00039'
, 'A0001'
, 'K0004'
, ?
, SYSDATE
, SYSDATE
, 'S'
, 'csv2db_df'
, SYSDATE ) 
2021-04-09 15:33:18 INFO : line = 25 , message = msg : (7743, 4)
2021-04-09 15:33:18 INFO : line = 25 , message = TBIPKV_data :           ASK_ID RSHP_ID PRVDR_CD                                           HASH_DID
0     2020-00039   A0001    K0004  9604BA8FB4198B7773F7BDFCEACC8B671763AADC096564...
1     2020-00039   A0001    K0004  08753FFADE7FC2B9A734A2F1E7D1C23FDC15AC38FD08F0...
2     2020-00039   A0001    K0004  CA4F0E7AC114688A877F72B337A9580426AE306AC18891...
3     2020-00039   A0001    K0004  0D3D4194AD7403EAF308C3EE87EA138AA0F1337EAE1A7D...
4     2020-00039   A0001    K0004  80DAB3B2F0146E11EBB494C00AF3B10FAC88681B878AC4...
...          ...     ...      ...                                                ...
7738  2020-00039   A0001    K0004  8747580D47E7A04E04757E278BAC8D4385ED676D8080DC...
7739  2020-00039   A0001    K0004  57DFBA56C0F1E50830A1D204FF5CDC006C03195BC29D43...
7740  2020-00039   A0001    K0004  A3F19C8953C257C682AB833FB41562AFE7D4EB7E219855...
7741  2020-00039   A0001    K0004  841CD0AA1A85682D1C9F28656D0D688B76BCB413BCFA9F...
7742  2020-00039   A0001    K0004  EB6EC4F9B5BA4386A2FF6B44662E000ADF2886EB7CF0E0...

[7743 rows x 4 columns]
2021-04-09 15:33:18 INFO : line = 25 , message = TBIPKV_data :                                                HASH_DID
0     9604BA8FB4198B7773F7BDFCEACC8B671763AADC096564...
1     08753FFADE7FC2B9A734A2F1E7D1C23FDC15AC38FD08F0...
2     CA4F0E7AC114688A877F72B337A9580426AE306AC18891...
3     0D3D4194AD7403EAF308C3EE87EA138AA0F1337EAE1A7D...
4     80DAB3B2F0146E11EBB494C00AF3B10FAC88681B878AC4...
...                                                 ...
7738  8747580D47E7A04E04757E278BAC8D4385ED676D8080DC...
7739  57DFBA56C0F1E50830A1D204FF5CDC006C03195BC29D43...
7740  A3F19C8953C257C682AB833FB41562AFE7D4EB7E219855...
7741  841CD0AA1A85682D1C9F28656D0D688B76BCB413BCFA9F...
7742  EB6EC4F9B5BA4386A2FF6B44662E000ADF2886EB7CF0E0...

[7743 rows x 1 columns]
2021-04-09 15:33:18 INFO : line = 25 , message = TBIPKV_INS_01 : INSERT INTO TBIPKV2020 NOLOGGING
(ASK_ID
, RSHP_ID
, PRVDR_CD
, HASH_DID
, TRNSMRCV_CRT_DT
, TRNSMRCV_FIN_DT
, TRNSMRCV_CD
, CRT_PGM_ID
, CRT_DT)
 VALUES
( '2020-00039'
, 'A0001'
, 'K0004'
, ?
, SYSDATE
, SYSDATE
, 'S'
, 'csv2db_df'
, SYSDATE ) 
2021-04-09 15:33:23 INFO : line = 25 , message = msg : (7470, 4)
2021-04-09 15:33:23 INFO : line = 25 , message = TBIPKV_data :           ASK_ID RSHP_ID PRVDR_CD                                           HASH_DID
0     2020-00039   A0001    K0004  186A30FDDF4C9806F29AE3DFE500336E2888C8A2BE7FBA...
1     2020-00039   A0001    K0004  504256CB38DC9E978655E527AA53EF21960714F1C62C78...
2     2020-00039   A0001    K0004  7940E9E0A1589DF9C2E54D4DEEA2C9C40C423F0D3EA90B...
3     2020-00039   A0001    K0004  EDD2F0FB7D3D0F3D329C9A5E06F8892DF9654D3E0A9026...
4     2020-00039   A0001    K0004  93C554625EDE6D72209A81051FE463B29365D4B0F99605...
...          ...     ...      ...                                                ...
7465  2020-00039   A0001    K0004  AAA786F9303EBE9E6EE9ECF38C8834D5B5B8BB3A7E1480...
7466  2020-00039   A0001    K0004  90B376565CCA7D487AB7A00D7FB88D0AF421C7B724722C...
7467  2020-00039   A0001    K0004  65C9D9BB4D23CA7E58630DA267595B32EC283A02802BAB...
7468  2020-00039   A0001    K0004  583FF82855E6526B552F68F71CB15256B71E499A8AD8A2...
7469  2020-00039   A0001    K0004  916D8E5659ECCCB437C5A308415AAF3F07B8FAD2A27315...

[7470 rows x 4 columns]
2021-04-09 15:33:23 INFO : line = 25 , message = TBIPKV_data :                                                HASH_DID
0     186A30FDDF4C9806F29AE3DFE500336E2888C8A2BE7FBA...
1     504256CB38DC9E978655E527AA53EF21960714F1C62C78...
2     7940E9E0A1589DF9C2E54D4DEEA2C9C40C423F0D3EA90B...
3     EDD2F0FB7D3D0F3D329C9A5E06F8892DF9654D3E0A9026...
4     93C554625EDE6D72209A81051FE463B29365D4B0F99605...
...                                                 ...
7465  AAA786F9303EBE9E6EE9ECF38C8834D5B5B8BB3A7E1480...
7466  90B376565CCA7D487AB7A00D7FB88D0AF421C7B724722C...
7467  65C9D9BB4D23CA7E58630DA267595B32EC283A02802BAB...
7468  583FF82855E6526B552F68F71CB15256B71E499A8AD8A2...
7469  916D8E5659ECCCB437C5A308415AAF3F07B8FAD2A27315...

[7470 rows x 1 columns]
2021-04-09 15:33:23 INFO : line = 25 , message = TBIPKV_INS_01 : INSERT INTO TBIPKV2020 NOLOGGING
(ASK_ID
, RSHP_ID
, PRVDR_CD
, HASH_DID
, TRNSMRCV_CRT_DT
, TRNSMRCV_FIN_DT
, TRNSMRCV_CD
, CRT_PGM_ID
, CRT_DT)
 VALUES
( '2020-00039'
, 'A0001'
, 'K0004'
, ?
, SYSDATE
, SYSDATE
, 'S'
, 'csv2db_df'
, SYSDATE ) 
2021-04-09 15:33:29 INFO : line = 25 , message = msg : (7364, 4)
2021-04-09 15:33:29 INFO : line = 25 , message = TBIPKV_data :           ASK_ID RSHP_ID PRVDR_CD                                           HASH_DID
0     2020-00039   A0001    K0004  37DAE4825C5F6FBCCADB097749A6DAFCF79A0F63723416...
1     2020-00039   A0001    K0004  CAA2CACF6480B9CD5CD4E6DAFE71108397F100D6107D47...
2     2020-00039   A0001    K0004  942D8E2ED65E74F95D17C23A16A6EEF8904BEB825C9C94...
3     2020-00039   A0001    K0004  ADD82A9A1944AECAEAF5BB341CCF092E31671A3945060A...
4     2020-00039   A0001    K0004  D6B3378F9402E59C98A887D7FEC0586C781CA3CC22032A...
...          ...     ...      ...                                                ...
7359  2020-00039   A0001    K0004  09D7863CE0B9FEB4D015D3321721FDED56CA02846DC9CF...
7360  2020-00039   A0001    K0004  B0E5C73A6A9E224F27F0CD78AD5183E636A8E10E9B2D7E...
7361  2020-00039   A0001    K0004  32EEA240A9AF1E90B55F8F6772787E2435D7162C3200CF...
7362  2020-00039   A0001    K0004  DE37B006591A74FBECDFFAD3A7A14AD376C6FCED7F8D39...
7363  2020-00039   A0001    K0004  3E577182BA36B3BE7EC3DF53D141C8753E11A29900D9B1...

[7364 rows x 4 columns]
2021-04-09 15:33:29 INFO : line = 25 , message = TBIPKV_data :                                                HASH_DID
0     37DAE4825C5F6FBCCADB097749A6DAFCF79A0F63723416...
1     CAA2CACF6480B9CD5CD4E6DAFE71108397F100D6107D47...
2     942D8E2ED65E74F95D17C23A16A6EEF8904BEB825C9C94...
3     ADD82A9A1944AECAEAF5BB341CCF092E31671A3945060A...
4     D6B3378F9402E59C98A887D7FEC0586C781CA3CC22032A...
...                                                 ...
7359  09D7863CE0B9FEB4D015D3321721FDED56CA02846DC9CF...
7360  B0E5C73A6A9E224F27F0CD78AD5183E636A8E10E9B2D7E...
7361  32EEA240A9AF1E90B55F8F6772787E2435D7162C3200CF...
7362  DE37B006591A74FBECDFFAD3A7A14AD376C6FCED7F8D39...
7363  3E577182BA36B3BE7EC3DF53D141C8753E11A29900D9B1...

[7364 rows x 1 columns]
2021-04-09 15:33:29 INFO : line = 25 , message = TBIPKV_INS_01 : INSERT INTO TBIPKV2020 NOLOGGING
(ASK_ID
, RSHP_ID
, PRVDR_CD
, HASH_DID
, TRNSMRCV_CRT_DT
, TRNSMRCV_FIN_DT
, TRNSMRCV_CD
, CRT_PGM_ID
, CRT_DT)
 VALUES
( '2020-00039'
, 'A0001'
, 'K0004'
, ?
, SYSDATE
, SYSDATE
, 'S'
, 'csv2db_df'
, SYSDATE ) 
2021-04-09 15:33:43 INFO : line = 25 , message = msg : (6139, 4)
2021-04-09 15:33:43 INFO : line = 25 , message = TBIPKV_data :           ASK_ID RSHP_ID PRVDR_CD                                           HASH_DID
0     2020-00039   A0001    K0004  75ACD16EA303B7D3056CEBE54FC10E108A38EB7F8312AB...
1     2020-00039   A0001    K0004  3A5975B2008EED8C789D9621DDF537A31574FB8821E385...
2     2020-00039   A0001    K0004  8A2B7CB7D1B65D5A86FC77CBC606B57CD73D2284C6C0AC...
3     2020-00039   A0001    K0004  BA96EF1ABA1DFE407D8D2C0C83989815FC5F1C3726516F...
4     2020-00039   A0001    K0004  951242BB394194F5F53FC02C5B11E0B9D5AC53A4571690...
...          ...     ...      ...                                                ...
6134  2020-00039   A0001    K0004  8C3B3C32FF50A6230481E28ACA770602DB49A1E6E84B2A...
6135  2020-00039   A0001    K0004  8570879D0D491CB2E5D4C259D22C42C5D83C77923717A0...
6136  2020-00039   A0001    K0004  EF2882B044BE0BA566D1C0E834947A6C3F08E0FCC5C5B0...
6137  2020-00039   A0001    K0004  DF7390D1873D7C189344E9BFF1EC62857DAE91A71D8649...
6138  2020-00039   A0001    K0004  40D02F4A3D00B4799E57DD296E17687DCED362C24DFB68...

[6139 rows x 4 columns]
2021-04-09 15:33:43 INFO : line = 25 , message = TBIPKV_data :                                                HASH_DID
0     75ACD16EA303B7D3056CEBE54FC10E108A38EB7F8312AB...
1     3A5975B2008EED8C789D9621DDF537A31574FB8821E385...
2     8A2B7CB7D1B65D5A86FC77CBC606B57CD73D2284C6C0AC...
3     BA96EF1ABA1DFE407D8D2C0C83989815FC5F1C3726516F...
4     951242BB394194F5F53FC02C5B11E0B9D5AC53A4571690...
...                                                 ...
6134  8C3B3C32FF50A6230481E28ACA770602DB49A1E6E84B2A...
6135  8570879D0D491CB2E5D4C259D22C42C5D83C77923717A0...
6136  EF2882B044BE0BA566D1C0E834947A6C3F08E0FCC5C5B0...
6137  DF7390D1873D7C189344E9BFF1EC62857DAE91A71D8649...
6138  40D02F4A3D00B4799E57DD296E17687DCED362C24DFB68...

[6139 rows x 1 columns]
2021-04-09 15:33:43 INFO : line = 25 , message = TBIPKV_INS_01 : INSERT INTO TBIPKV2020 NOLOGGING
(ASK_ID
, RSHP_ID
, PRVDR_CD
, HASH_DID
, TRNSMRCV_CRT_DT
, TRNSMRCV_FIN_DT
, TRNSMRCV_CD
, CRT_PGM_ID
, CRT_DT)
 VALUES
( '2020-00039'
, 'A0001'
, 'K0004'
, ?
, SYSDATE
, SYSDATE
, 'S'
, 'csv2db_df'
, SYSDATE ) 
2021-04-09 15:33:49 INFO : line = 25 , message = msg : (6825, 4)
2021-04-09 15:33:49 INFO : line = 25 , message = TBIPKV_data :           ASK_ID RSHP_ID PRVDR_CD                                           HASH_DID
0     2020-00039   A0001    K0004  E1DA83D1CEAA4641802CFC4D8C676F995BCD56089F7EBA...
1     2020-00039   A0001    K0004  EC7ECAFAB29A9C1573FB617C6B17CF709595E463F50D1A...
2     2020-00039   A0001    K0004  E26C81AE3A4DA3F864F8FCC73CAC97EBE1FBDC2547E2FD...
3     2020-00039   A0001    K0004  89E3A5B26113605DBB96B838F01B7476F96E18A53F4C9F...
4     2020-00039   A0001    K0004  4193C618474C4098D95E6C6A4269ACE2225BD55E9DF9BC...
...          ...     ...      ...                                                ...
6820  2020-00039   A0001    K0004  53EEAA62C6852AF354628B326913BF2D8B557D354B808E...
6821  2020-00039   A0001    K0004  2AB35CB8880F56EFDAA197761D41024E85372EB6EBD1CD...
6822  2020-00039   A0001    K0004  54B49A895DA188979DE089DA3957D9355F36EFBE6C7430...
6823  2020-00039   A0001    K0004  BEC75A57777663584143496EC20BD1972752E911A39E57...
6824  2020-00039   A0001    K0004  2DADCD2DAA93D2F699F9C5E6154CFF2E3A34307C18BE01...

[6825 rows x 4 columns]
2021-04-09 15:33:49 INFO : line = 25 , message = TBIPKV_data :                                                HASH_DID
0     E1DA83D1CEAA4641802CFC4D8C676F995BCD56089F7EBA...
1     EC7ECAFAB29A9C1573FB617C6B17CF709595E463F50D1A...
2     E26C81AE3A4DA3F864F8FCC73CAC97EBE1FBDC2547E2FD...
3     89E3A5B26113605DBB96B838F01B7476F96E18A53F4C9F...
4     4193C618474C4098D95E6C6A4269ACE2225BD55E9DF9BC...
...                                                 ...
6820  53EEAA62C6852AF354628B326913BF2D8B557D354B808E...
6821  2AB35CB8880F56EFDAA197761D41024E85372EB6EBD1CD...
6822  54B49A895DA188979DE089DA3957D9355F36EFBE6C7430...
6823  BEC75A57777663584143496EC20BD1972752E911A39E57...
6824  2DADCD2DAA93D2F699F9C5E6154CFF2E3A34307C18BE01...

[6825 rows x 1 columns]
2021-04-09 15:33:49 INFO : line = 25 , message = TBIPKV_INS_01 : INSERT INTO TBIPKV2020 NOLOGGING
(ASK_ID
, RSHP_ID
, PRVDR_CD
, HASH_DID
, TRNSMRCV_CRT_DT
, TRNSMRCV_FIN_DT
, TRNSMRCV_CD
, CRT_PGM_ID
, CRT_DT)
 VALUES
( '2020-00039'
, 'A0001'
, 'K0004'
, ?
, SYSDATE
, SYSDATE
, 'S'
, 'csv2db_df'
, SYSDATE ) 
2021-04-09 15:33:53 INFO : line = 25 , message = msg : (7235, 4)
2021-04-09 15:33:53 INFO : line = 25 , message = TBIPKV_data :           ASK_ID RSHP_ID PRVDR_CD                                           HASH_DID
0     2020-00039   A0001    K0004  8A7F58FF81E1E309FF6CF038AA92108B722934D2E7A183...
1     2020-00039   A0001    K0004  017F27E2FFBC2A899B2AE387457B88958AECDC6BC018D5...
2     2020-00039   A0001    K0004  DD9AD82905FC29B750083F2F3DC20F4A2F7554B106568E...
3     2020-00039   A0001    K0004  7C499684465467649E41D4A6C4701B855778DBE69B7B85...
4     2020-00039   A0001    K0004  B95564764CFA54B5424016DA898DC4130F788988CC6085...
...          ...     ...      ...                                                ...
7230  2020-00039   A0001    K0004  BE9F94C0EB608885B27224C21C871D90C073631ED28AD8...
7231  2020-00039   A0001    K0004  3C0C01E55249E38FDB49257500325F8FB1E984A69CF8F9...
7232  2020-00039   A0001    K0004  DB8A6106812BC45110D6E24C3491299CE24F48B5D95C07...
7233  2020-00039   A0001    K0004  23EE66A7B50BD48B0FF68F88558120E89BDC88BD27CBB1...
7234  2020-00039   A0001    K0004  01AA13A5C7D8C693A01FFCC2F0B430D9063F5AED91EF86...

[7235 rows x 4 columns]
2021-04-09 15:33:53 INFO : line = 25 , message = TBIPKV_data :                                                HASH_DID
0     8A7F58FF81E1E309FF6CF038AA92108B722934D2E7A183...
1     017F27E2FFBC2A899B2AE387457B88958AECDC6BC018D5...
2     DD9AD82905FC29B750083F2F3DC20F4A2F7554B106568E...
3     7C499684465467649E41D4A6C4701B855778DBE69B7B85...
4     B95564764CFA54B5424016DA898DC4130F788988CC6085...
...                                                 ...
7230  BE9F94C0EB608885B27224C21C871D90C073631ED28AD8...
7231  3C0C01E55249E38FDB49257500325F8FB1E984A69CF8F9...
7232  DB8A6106812BC45110D6E24C3491299CE24F48B5D95C07...
7233  23EE66A7B50BD48B0FF68F88558120E89BDC88BD27CBB1...
7234  01AA13A5C7D8C693A01FFCC2F0B430D9063F5AED91EF86...

[7235 rows x 1 columns]
2021-04-09 15:33:53 INFO : line = 25 , message = TBIPKV_INS_01 : INSERT INTO TBIPKV2020 NOLOGGING
(ASK_ID
, RSHP_ID
, PRVDR_CD
, HASH_DID
, TRNSMRCV_CRT_DT
, TRNSMRCV_FIN_DT
, TRNSMRCV_CD
, CRT_PGM_ID
, CRT_DT)
 VALUES
( '2020-00039'
, 'A0001'
, 'K0004'
, ?
, SYSDATE
, SYSDATE
, 'S'
, 'csv2db_df'
, SYSDATE ) 
2021-04-09 15:33:59 INFO : line = 25 , message = msg : (7475, 4)
2021-04-09 15:33:59 INFO : line = 25 , message = TBIPKV_data :           ASK_ID RSHP_ID PRVDR_CD                                           HASH_DID
0     2020-00039   A0001    K0004  27FA113A9EA5A34215575CFE20326A78B47CA5D9217C5F...
1     2020-00039   A0001    K0004  EA4A8AE30D156FE749DD48E98EC79F37D3BF34EB24A0F0...
2     2020-00039   A0001    K0004  FD7ADA720810F18C617AEF623158AB7E1B94E05E22A3BA...
3     2020-00039   A0001    K0004  0781CEF244261E0FDED6089ED0231D2325C2320A0905E0...
4     2020-00039   A0001    K0004  AFAF684300F74AE6257D3B63E17B61DA4E8630737587A0...
...          ...     ...      ...                                                ...
7470  2020-00039   A0001    K0004  21CD124C8C8FF13FA30786404E41CDBF8954CD4657EA6E...
7471  2020-00039   A0001    K0004  E32D2DEBCE7DCD4BFC38314EDFD9D0E556421FE57A3637...
7472  2020-00039   A0001    K0004  F04615219E0D7EBDA9A83A0EA3562E2D64B4FC22EA6FC5...
7473  2020-00039   A0001    K0004  ECED07B06144008D1503B03ADC93D625582A59A6212E3D...
7474  2020-00039   A0001    K0004  0A9C0C31F201DD0994133B8208FD1357B49D0645311F15...

[7475 rows x 4 columns]
2021-04-09 15:33:59 INFO : line = 25 , message = TBIPKV_data :                                                HASH_DID
0     27FA113A9EA5A34215575CFE20326A78B47CA5D9217C5F...
1     EA4A8AE30D156FE749DD48E98EC79F37D3BF34EB24A0F0...
2     FD7ADA720810F18C617AEF623158AB7E1B94E05E22A3BA...
3     0781CEF244261E0FDED6089ED0231D2325C2320A0905E0...
4     AFAF684300F74AE6257D3B63E17B61DA4E8630737587A0...
...                                                 ...
7470  21CD124C8C8FF13FA30786404E41CDBF8954CD4657EA6E...
7471  E32D2DEBCE7DCD4BFC38314EDFD9D0E556421FE57A3637...
7472  F04615219E0D7EBDA9A83A0EA3562E2D64B4FC22EA6FC5...
7473  ECED07B06144008D1503B03ADC93D625582A59A6212E3D...
7474  0A9C0C31F201DD0994133B8208FD1357B49D0645311F15...

[7475 rows x 1 columns]
2021-04-09 15:33:59 INFO : line = 25 , message = TBIPKV_INS_01 : INSERT INTO TBIPKV2020 NOLOGGING
(ASK_ID
, RSHP_ID
, PRVDR_CD
, HASH_DID
, TRNSMRCV_CRT_DT
, TRNSMRCV_FIN_DT
, TRNSMRCV_CD
, CRT_PGM_ID
, CRT_DT)
 VALUES
( '2020-00039'
, 'A0001'
, 'K0004'
, ?
, SYSDATE
, SYSDATE
, 'S'
, 'csv2db_df'
, SYSDATE ) 
