2021-01-26 14:14:04 INFO : line = 26 , message = TBIPKV_SEL_01 : SELECT /*+ parallel(4) full(A) */
       HASH_DID
  FROM TBIPKV2019  A
 WHERE 1 = 1
   AND A.ASK_ID = '2019-00078'
   AND A.RSHP_ID = 'A0001'
   AND A.PRVDR_CD = 'K0004'
2021-01-26 14:14:04 INFO : line = 26 , message = alter_argv : 0
2021-01-26 14:14:04 INFO : line = 26 , message = TBIPKV_data : Empty DataFrame
Columns: [HASH_DID]
Index: []
2021-01-26 14:14:04 INFO : line = 26 , message = TBPPKV_DEL_01 : ALTER TABLE TBPPKV2019 TRUNCATE PARTITION  TBPPKV2019_00078_A0001_K0004 
2021-01-26 14:16:28 INFO : line = 26 , message = TBIPKV_SEL_01 : SELECT /*+ parallel(4) full(A) */
       HASH_DID
  FROM TBIPKV2019  A
 WHERE 1 = 1
   AND A.ASK_ID = '2019-00078'
   AND A.RSHP_ID = 'A0001'
   AND A.PRVDR_CD = 'K0003'
2021-01-26 14:16:28 INFO : line = 26 , message = msg : 784143
2021-01-26 14:16:28 INFO : line = 26 , message = TBIPKV_data :                                                  HASH_DID
0       F7353976AFA3175E62488D7060EB69546A14B75F225BE1...
1       F7355FFC18671916BC3A13E229B0F25F944D7D37E0C8E2...
2       F735660A0711F4AF336AF406D2567B107DA9F218D1AD19...
3       F7356AD5D8085CFDC2311FA0F5BF98E90940004E16ABD7...
4       F7356EEB502E5E3479605DA1849B8A637229B9C4559B2B...
...                                                   ...
784138  00B8FBA77B718D7BA8B5A3E8315BED84FCE495F9438C67...
784139  00B9092BA4B6E9C7975906FF02101B0C1B11D83D3821E7...
784140  00B90DADB784A6179AB09E8F899542EA57C3173C78543E...
784141  00B913BF123AA5A1AFCE57AF619A29E29DFA298A35C3E4...
784142  00B9186BAB75C6BDAF4DA2DBCCADB172888DE686AE7E26...

[784143 rows x 1 columns]
2021-01-26 14:16:28 INFO : line = 26 , message = TBPPKV_DEL_01 : ALTER TABLE TBPPKV2019 TRUNCATE PARTITION  TBPPKV2019_00078_A0001_K0003 
